2024-11-25 14:03:34,299 - cammer_logger - INFO - Running CAMmer
2024-11-25 14:03:34,300 - cammer_logger - INFO - ['-l', 'F.Cu,B.Cu,F.Paste,B.Paste,F.Silkscreen,B.Silkscreen,F.Mask,B.Mask', '-e', 'Edge.Cuts,User.Comments']
2024-11-25 14:03:34,301 - cammer_logger - INFO - CAMMER START: 2024-11-25T14:03:34.301177
2024-11-25 14:03:37,363 - cammer_logger - INFO - 
START: 2024-11-25T14:03:34.301177
Deleting existing C:\Users\pete.lewis\Documents\GitHub\SparkFun_Particulate_Matter_Sensor_Breakout_BMV080\Hardware\Production\SparkFun_BMV080_panelized.GTL
Renaming C:\Users\pete.lewis\Documents\GitHub\SparkFun_Particulate_Matter_Sensor_Breakout_BMV080\Hardware\Production\SparkFun_BMV080_panelized-F_Cu.gbr to C:\Users\pete.lewis\Documents\GitHub\SparkFun_Particulate_Matter_Sensor_Breakout_BMV080\Hardware\Production\SparkFun_BMV080_panelized.GTL
Deleting existing C:\Users\pete.lewis\Documents\GitHub\SparkFun_Particulate_Matter_Sensor_Breakout_BMV080\Hardware\Production\SparkFun_BMV080_panelized.GBL
Renaming C:\Users\pete.lewis\Documents\GitHub\SparkFun_Particulate_Matter_Sensor_Breakout_BMV080\Hardware\Production\SparkFun_BMV080_panelized-B_Cu.gbr to C:\Users\pete.lewis\Documents\GitHub\SparkFun_Particulate_Matter_Sensor_Breakout_BMV080\Hardware\Production\SparkFun_BMV080_panelized.GBL
Deleting existing C:\Users\pete.lewis\Documents\GitHub\SparkFun_Particulate_Matter_Sensor_Breakout_BMV080\Hardware\Production\SparkFun_BMV080_panelized.GTP
Renaming C:\Users\pete.lewis\Documents\GitHub\SparkFun_Particulate_Matter_Sensor_Breakout_BMV080\Hardware\Production\SparkFun_BMV080_panelized-F_Paste.gbr to C:\Users\pete.lewis\Documents\GitHub\SparkFun_Particulate_Matter_Sensor_Breakout_BMV080\Hardware\Production\SparkFun_BMV080_panelized.GTP
Deleting existing C:\Users\pete.lewis\Documents\GitHub\SparkFun_Particulate_Matter_Sensor_Breakout_BMV080\Hardware\Production\SparkFun_BMV080_panelized.GBP
Renaming C:\Users\pete.lewis\Documents\GitHub\SparkFun_Particulate_Matter_Sensor_Breakout_BMV080\Hardware\Production\SparkFun_BMV080_panelized-B_Paste.gbr to C:\Users\pete.lewis\Documents\GitHub\SparkFun_Particulate_Matter_Sensor_Breakout_BMV080\Hardware\Production\SparkFun_BMV080_panelized.GBP
Deleting existing C:\Users\pete.lewis\Documents\GitHub\SparkFun_Particulate_Matter_Sensor_Breakout_BMV080\Hardware\Production\SparkFun_BMV080_panelized.GTO
Renaming C:\Users\pete.lewis\Documents\GitHub\SparkFun_Particulate_Matter_Sensor_Breakout_BMV080\Hardware\Production\SparkFun_BMV080_panelized-F_Silkscreen.gbr to C:\Users\pete.lewis\Documents\GitHub\SparkFun_Particulate_Matter_Sensor_Breakout_BMV080\Hardware\Production\SparkFun_BMV080_panelized.GTO
Deleting existing C:\Users\pete.lewis\Documents\GitHub\SparkFun_Particulate_Matter_Sensor_Breakout_BMV080\Hardware\Production\SparkFun_BMV080_panelized.GBO
Renaming C:\Users\pete.lewis\Documents\GitHub\SparkFun_Particulate_Matter_Sensor_Breakout_BMV080\Hardware\Production\SparkFun_BMV080_panelized-B_Silkscreen.gbr to C:\Users\pete.lewis\Documents\GitHub\SparkFun_Particulate_Matter_Sensor_Breakout_BMV080\Hardware\Production\SparkFun_BMV080_panelized.GBO
Deleting existing C:\Users\pete.lewis\Documents\GitHub\SparkFun_Particulate_Matter_Sensor_Breakout_BMV080\Hardware\Production\SparkFun_BMV080_panelized.GTS
Renaming C:\Users\pete.lewis\Documents\GitHub\SparkFun_Particulate_Matter_Sensor_Breakout_BMV080\Hardware\Production\SparkFun_BMV080_panelized-F_Mask.gbr to C:\Users\pete.lewis\Documents\GitHub\SparkFun_Particulate_Matter_Sensor_Breakout_BMV080\Hardware\Production\SparkFun_BMV080_panelized.GTS
Deleting existing C:\Users\pete.lewis\Documents\GitHub\SparkFun_Particulate_Matter_Sensor_Breakout_BMV080\Hardware\Production\SparkFun_BMV080_panelized.GBS
Renaming C:\Users\pete.lewis\Documents\GitHub\SparkFun_Particulate_Matter_Sensor_Breakout_BMV080\Hardware\Production\SparkFun_BMV080_panelized-B_Mask.gbr to C:\Users\pete.lewis\Documents\GitHub\SparkFun_Particulate_Matter_Sensor_Breakout_BMV080\Hardware\Production\SparkFun_BMV080_panelized.GBS
Deleting existing C:\Users\pete.lewis\Documents\GitHub\SparkFun_Particulate_Matter_Sensor_Breakout_BMV080\Hardware\Production\SparkFun_BMV080_panelized.GKO
Renaming C:\Users\pete.lewis\Documents\GitHub\SparkFun_Particulate_Matter_Sensor_Breakout_BMV080\Hardware\Production\SparkFun_BMV080_panelized-Edge_Cuts.gbr to C:\Users\pete.lewis\Documents\GitHub\SparkFun_Particulate_Matter_Sensor_Breakout_BMV080\Hardware\Production\SparkFun_BMV080_panelized.GKO
Drill report: C:\Users\pete.lewis\Documents\GitHub\SparkFun_Particulate_Matter_Sensor_Breakout_BMV080\Hardware\Production\drill_report.rpt

2024-11-25 14:03:39,544 - cammer_logger - INFO - CAMmer complete
